mode: atomic
github.com/Tech-With-Tim/cdn/utils/random.go:13.13,15.2 1 1
github.com/Tech-With-Tim/cdn/utils/random.go:18.38,20.2 1 5
github.com/Tech-With-Tim/cdn/utils/random.go:23.33,27.25 3 10
github.com/Tech-With-Tim/cdn/utils/random.go:31.2,31.20 1 10
github.com/Tech-With-Tim/cdn/utils/random.go:27.25,30.3 2 350
github.com/Tech-With-Tim/cdn/utils/random.go:34.45,38.22 2 5
github.com/Tech-With-Tim/cdn/utils/random.go:42.2,42.10 1 5
github.com/Tech-With-Tim/cdn/utils/random.go:38.22,40.3 1 100
github.com/Tech-With-Tim/cdn/utils/responses.go:9.68,12.16 3 0
github.com/Tech-With-Tim/cdn/utils/responses.go:12.16,15.16 3 0
github.com/Tech-With-Tim/cdn/utils/responses.go:15.16,17.4 1 0
github.com/Tech-With-Tim/cdn/utils/config.go:18.70,25.16 6 1
github.com/Tech-With-Tim/cdn/utils/config.go:38.2,40.8 2 0
github.com/Tech-With-Tim/cdn/utils/config.go:25.16,27.17 2 1
github.com/Tech-With-Tim/cdn/utils/config.go:30.3,30.29 1 1
github.com/Tech-With-Tim/cdn/utils/config.go:36.3,36.9 1 1
github.com/Tech-With-Tim/cdn/utils/config.go:27.17,29.4 1 0
github.com/Tech-With-Tim/cdn/utils/config.go:30.29,31.31 1 0
github.com/Tech-With-Tim/cdn/utils/config.go:31.31,34.5 2 0
github.com/Tech-With-Tim/cdn/utils/migration.go:13.50,15.16 2 1
github.com/Tech-With-Tim/cdn/utils/migration.go:18.2,19.16 2 0
github.com/Tech-With-Tim/cdn/utils/migration.go:22.2,23.12 2 0
github.com/Tech-With-Tim/cdn/utils/migration.go:15.16,17.3 1 1
github.com/Tech-With-Tim/cdn/utils/migration.go:19.16,21.3 1 0
github.com/Tech-With-Tim/cdn/utils/migration.go:26.52,29.16 2 1
github.com/Tech-With-Tim/cdn/utils/migration.go:32.2,33.16 2 0
github.com/Tech-With-Tim/cdn/utils/migration.go:36.2,37.12 2 0
github.com/Tech-With-Tim/cdn/utils/migration.go:29.16,31.3 1 1
github.com/Tech-With-Tim/cdn/utils/migration.go:33.16,35.3 1 0
github.com/Tech-With-Tim/cdn/utils/migration.go:40.64,42.16 2 1
github.com/Tech-With-Tim/cdn/utils/migration.go:45.2,46.16 2 0
github.com/Tech-With-Tim/cdn/utils/migration.go:49.2,50.12 2 0
github.com/Tech-With-Tim/cdn/utils/migration.go:42.16,44.3 1 1
github.com/Tech-With-Tim/cdn/utils/migration.go:46.16,48.3 1 0
